  learnply.cpp
D:\cs\CS453\453_Final_Project\learnply\learnply.cpp(24,28): warning C4305: 'initializing': truncation from 'double' to 'float'
D:\cs\CS453\453_Final_Project\learnply\learnply.cpp(29,19): warning C4244: 'initializing': conversion from 'int' to 'float', possible loss of data
D:\cs\CS453\453_Final_Project\learnply\learnply.cpp(55,13): warning C4244: 'initializing': conversion from 'double' to 'float', possible loss of data
D:\cs\CS453\453_Final_Project\learnply\learnply.cpp(56,13): warning C4244: 'initializing': conversion from 'double' to 'float', possible loss of data
D:\cs\CS453\453_Final_Project\learnply\learnply.cpp(110,20): warning C4244: '=': conversion from 'double' to 'GLfloat', possible loss of data
D:\cs\CS453\453_Final_Project\learnply\learnply.cpp(111,20): warning C4244: '=': conversion from 'double' to 'GLfloat', possible loss of data
D:\cs\CS453\453_Final_Project\learnply\learnply.cpp(112,20): warning C4244: '=': conversion from 'double' to 'GLfloat', possible loss of data
D:\cs\CS453\453_Final_Project\learnply\learnply.cpp(121,21): warning C4244: 'argument': conversion from 'double' to 'GLfloat', possible loss of data
D:\cs\CS453\453_Final_Project\learnply\learnply.cpp(121,18): warning C4244: 'argument': conversion from 'double' to 'GLfloat', possible loss of data
D:\cs\CS453\453_Final_Project\learnply\learnply.cpp(121,15): warning C4244: 'argument': conversion from 'double' to 'GLfloat', possible loss of data
D:\cs\CS453\453_Final_Project\learnply\learnply.cpp(142,14): warning C4244: 'argument': conversion from 'double' to 'GLfloat', possible loss of data
D:\cs\CS453\453_Final_Project\learnply\learnply.cpp(145,18): warning C4244: 'argument': conversion from 'double' to 'GLfloat', possible loss of data
D:\cs\CS453\453_Final_Project\learnply\learnply.cpp(145,15): warning C4244: 'argument': conversion from 'double' to 'GLfloat', possible loss of data
D:\cs\CS453\453_Final_Project\learnply\learnply.cpp(145,12): warning C4244: 'argument': conversion from 'double' to 'GLfloat', possible loss of data
D:\cs\CS453\453_Final_Project\learnply\learnply.cpp(146,45): warning C4244: 'argument': conversion from 'double' to 'GLfloat', possible loss of data
D:\cs\CS453\453_Final_Project\learnply\learnply.cpp(146,33): warning C4244: 'argument': conversion from 'double' to 'GLfloat', possible loss of data
D:\cs\CS453\453_Final_Project\learnply\learnply.cpp(146,21): warning C4244: 'argument': conversion from 'double' to 'GLfloat', possible loss of data
D:\cs\CS453\453_Final_Project\learnply\learnply.cpp(147,39): warning C4244: 'argument': conversion from 'double' to 'GLfloat', possible loss of data
D:\cs\CS453\453_Final_Project\learnply\learnply.cpp(147,29): warning C4244: 'argument': conversion from 'double' to 'GLfloat', possible loss of data
D:\cs\CS453\453_Final_Project\learnply\learnply.cpp(147,19): warning C4244: 'argument': conversion from 'double' to 'GLfloat', possible loss of data
D:\cs\CS453\453_Final_Project\learnply\learnply.cpp(167,14): warning C4244: 'argument': conversion from 'double' to 'GLfloat', possible loss of data
D:\cs\CS453\453_Final_Project\learnply\learnply.cpp(170,18): warning C4244: 'argument': conversion from 'double' to 'GLfloat', possible loss of data
D:\cs\CS453\453_Final_Project\learnply\learnply.cpp(170,15): warning C4244: 'argument': conversion from 'double' to 'GLfloat', possible loss of data
D:\cs\CS453\453_Final_Project\learnply\learnply.cpp(170,12): warning C4244: 'argument': conversion from 'double' to 'GLfloat', possible loss of data
D:\cs\CS453\453_Final_Project\learnply\learnply.cpp(172,20): warning C4018: '<': signed/unsigned mismatch
D:\cs\CS453\453_Final_Project\learnply\learnply.cpp(173,55): warning C4244: 'argument': conversion from 'double' to 'GLfloat', possible loss of data
D:\cs\CS453\453_Final_Project\learnply\learnply.cpp(173,40): warning C4244: 'argument': conversion from 'double' to 'GLfloat', possible loss of data
D:\cs\CS453\453_Final_Project\learnply\learnply.cpp(173,25): warning C4244: 'argument': conversion from 'double' to 'GLfloat', possible loss of data
D:\cs\CS453\453_Final_Project\learnply\learnply.cpp(174,49): warning C4244: 'argument': conversion from 'double' to 'GLfloat', possible loss of data
D:\cs\CS453\453_Final_Project\learnply\learnply.cpp(174,36): warning C4244: 'argument': conversion from 'double' to 'GLfloat', possible loss of data
D:\cs\CS453\453_Final_Project\learnply\learnply.cpp(174,23): warning C4244: 'argument': conversion from 'double' to 'GLfloat', possible loss of data
D:\cs\CS453\453_Final_Project\learnply\learnply.cpp(198,5): warning C4996: 'strcpy': This function or variable may be unsafe. Consider using strcpy_s instead. To disable deprecation, use _CRT_SECURE_NO_WARNINGS. See online help for details.
D:\cs\CS453\453_Final_Project\learnply\learnply.cpp(222,2): warning C4996: 'strcpy': This function or variable may be unsafe. Consider using strcpy_s instead. To disable deprecation, use _CRT_SECURE_NO_WARNINGS. See online help for details.
D:\cs\CS453\453_Final_Project\learnply\learnply.cpp(223,2): warning C4996: 'strcat': This function or variable may be unsafe. Consider using strcat_s instead. To disable deprecation, use _CRT_SECURE_NO_WARNINGS. See online help for details.
D:\cs\CS453\453_Final_Project\learnply\learnply.cpp(224,2): warning C4996: 'strcat': This function or variable may be unsafe. Consider using strcat_s instead. To disable deprecation, use _CRT_SECURE_NO_WARNINGS. See online help for details.
D:\cs\CS453\453_Final_Project\learnply\learnply.cpp(226,20): warning C4996: 'fopen': This function or variable may be unsafe. Consider using fopen_s instead. To disable deprecation, use _CRT_SECURE_NO_WARNINGS. See online help for details.
D:\cs\CS453\453_Final_Project\learnply\learnply.cpp(289,50): warning C4305: 'initializing': truncation from 'double' to 'GLfloat'
D:\cs\CS453\453_Final_Project\learnply\learnply.cpp(290,50): warning C4305: 'initializing': truncation from 'double' to 'GLfloat'
D:\cs\CS453\453_Final_Project\learnply\learnply.cpp(331,26): warning C4305: '=': truncation from 'double' to 'GLfloat'
D:\cs\CS453\453_Final_Project\learnply\learnply.cpp(343,44): warning C4244: 'argument': conversion from 'double' to 'GLfloat', possible loss of data
D:\cs\CS453\453_Final_Project\learnply\learnply.cpp(343,28): warning C4244: 'argument': conversion from 'double' to 'GLfloat', possible loss of data
D:\cs\CS453\453_Final_Project\learnply\learnply.cpp(358,55): warning C4244: 'argument': conversion from 'double' to 'GLfloat', possible loss of data
D:\cs\CS453\453_Final_Project\learnply\learnply.cpp(358,35): warning C4244: 'argument': conversion from 'double' to 'GLfloat', possible loss of data
D:\cs\CS453\453_Final_Project\learnply\learnply.cpp(358,15): warning C4244: 'argument': conversion from 'double' to 'GLfloat', possible loss of data
D:\cs\CS453\453_Final_Project\learnply\learnply.cpp(359,63): warning C4244: 'argument': conversion from 'double' to 'GLfloat', possible loss of data
D:\cs\CS453\453_Final_Project\learnply\learnply.cpp(359,39): warning C4244: 'argument': conversion from 'double' to 'GLfloat', possible loss of data
D:\cs\CS453\453_Final_Project\learnply\learnply.cpp(359,15): warning C4244: 'argument': conversion from 'double' to 'GLfloat', possible loss of data
D:\cs\CS453\453_Final_Project\learnply\learnply.cpp(404,16): warning C4018: '<': signed/unsigned mismatch
D:\cs\CS453\453_Final_Project\learnply\learnply.cpp(451,16): warning C4018: '<': signed/unsigned mismatch
D:\cs\CS453\453_Final_Project\learnply\learnply.cpp(498,45): warning C4244: 'argument': conversion from 'double' to 'GLfloat', possible loss of data
D:\cs\CS453\453_Final_Project\learnply\learnply.cpp(498,34): warning C4244: 'argument': conversion from 'double' to 'GLfloat', possible loss of data
D:\cs\CS453\453_Final_Project\learnply\learnply.cpp(498,23): warning C4244: 'argument': conversion from 'double' to 'GLfloat', possible loss of data
D:\cs\CS453\453_Final_Project\learnply\learnply.cpp(519,15): warning C4101: 'i': unreferenced local variable
D:\cs\CS453\453_Final_Project\learnply\learnply.cpp(520,10): warning C4101: 'mat_diffuse': unreferenced local variable
D:\cs\CS453\453_Final_Project\learnply\learnply.cpp(588,28): warning C4244: '=': conversion from 'double' to 'float', possible loss of data
D:\cs\CS453\453_Final_Project\learnply\learnply.cpp(589,44): warning C4244: '=': conversion from 'double' to 'float', possible loss of data
D:\cs\CS453\453_Final_Project\learnply\learnply.cpp(637,12): warning C4244: 'initializing': conversion from 'double' to 'float', possible loss of data
D:\cs\CS453\453_Final_Project\learnply\learnply.cpp(638,12): warning C4244: 'initializing': conversion from 'double' to 'float', possible loss of data
D:\cs\CS453\453_Final_Project\learnply\learnply.cpp(850,13): warning C4244: 'initializing': conversion from 'double' to 'float', possible loss of data
D:\cs\CS453\453_Final_Project\learnply\learnply.cpp(851,13): warning C4244: 'initializing': conversion from 'double' to 'float', possible loss of data
D:\cs\CS453\453_Final_Project\learnply\learnply.cpp(912,21): warning C4244: 'argument': conversion from 'double' to 'GLfloat', possible loss of data
D:\cs\CS453\453_Final_Project\learnply\learnply.cpp(912,17): warning C4244: 'argument': conversion from 'double' to 'GLfloat', possible loss of data
D:\cs\CS453\453_Final_Project\learnply\learnply.cpp(1007,3): warning C4996: 'strcpy': This function or variable may be unsafe. Consider using strcpy_s instead. To disable deprecation, use _CRT_SECURE_NO_WARNINGS. See online help for details.
D:\cs\CS453\453_Final_Project\learnply\learnply.cpp(1008,3): warning C4996: 'strcat': This function or variable may be unsafe. Consider using strcat_s instead. To disable deprecation, use _CRT_SECURE_NO_WARNINGS. See online help for details.
D:\cs\CS453\453_Final_Project\learnply\learnply.cpp(1009,3): warning C4996: 'strcat': This function or variable may be unsafe. Consider using strcat_s instead. To disable deprecation, use _CRT_SECURE_NO_WARNINGS. See online help for details.
D:\cs\CS453\453_Final_Project\learnply\learnply.cpp(1011,21): warning C4996: 'fopen': This function or variable may be unsafe. Consider using fopen_s instead. To disable deprecation, use _CRT_SECURE_NO_WARNINGS. See online help for details.
D:\cs\CS453\453_Final_Project\learnply\learnply.cpp(969,6): warning C4101: 'i': unreferenced local variable
D:\cs\CS453\453_Final_Project\learnply\learnply.cpp(1114,43): warning C4244: 'argument': conversion from 'double' to 'GLfloat', possible loss of data
D:\cs\CS453\453_Final_Project\learnply\learnply.cpp(1114,32): warning C4244: 'argument': conversion from 'double' to 'GLfloat', possible loss of data
D:\cs\CS453\453_Final_Project\learnply\learnply.cpp(1114,21): warning C4244: 'argument': conversion from 'double' to 'GLfloat', possible loss of data
D:\cs\CS453\453_Final_Project\learnply\learnply.cpp(1115,44): warning C4244: 'argument': conversion from 'double' to 'GLfloat', possible loss of data
D:\cs\CS453\453_Final_Project\learnply\learnply.cpp(1115,33): warning C4244: 'argument': conversion from 'double' to 'GLfloat', possible loss of data
D:\cs\CS453\453_Final_Project\learnply\learnply.cpp(1115,22): warning C4244: 'argument': conversion from 'double' to 'GLfloat', possible loss of data
learnply.obj : warning LNK4075: ignoring '/EDITANDCONTINUE' due to '/INCREMENTAL:NO' specification
  learnply.vcxproj -> D:\cs\CS453\453_Final_Project\Debug\learnply.exe
  0 File(s) copied
