c:\users\ixmib\documents\453_final_project\debug\vc142.pdb
c:\users\ixmib\documents\453_final_project\debug\vc142.idb
c:\users\ixmib\documents\453_final_project\debug\trackball.obj
c:\users\ixmib\documents\453_final_project\debug\tmatrix.obj
c:\users\ixmib\documents\453_final_project\debug\polyhedron.obj
c:\users\ixmib\documents\453_final_project\debug\ply.obj
c:\users\ixmib\documents\453_final_project\debug\learnply.obj
c:\users\ixmib\documents\453_final_project\debug\marchingcubes.obj
c:\users\ixmib\documents\453_final_project\debug\learnply.exe
c:\users\ixmib\documents\453_final_project\debug\learnply.pdb
c:\users\ixmib\documents\453_final_project\debug\..\debug\learnply.pdb
c:\users\ixmib\documents\453_final_project\debug\learnply.tlog\cl.command.1.tlog
c:\users\ixmib\documents\453_final_project\debug\learnply.tlog\cl.read.1.tlog
c:\users\ixmib\documents\453_final_project\debug\learnply.tlog\cl.write.1.tlog
c:\users\ixmib\documents\453_final_project\debug\learnply.tlog\link-cvtres.read.1.tlog
c:\users\ixmib\documents\453_final_project\debug\learnply.tlog\link-cvtres.write.1.tlog
c:\users\ixmib\documents\453_final_project\debug\learnply.tlog\link-rc.read.1.tlog
c:\users\ixmib\documents\453_final_project\debug\learnply.tlog\link-rc.write.1.tlog
c:\users\ixmib\documents\453_final_project\debug\learnply.tlog\link.command.1.tlog
c:\users\ixmib\documents\453_final_project\debug\learnply.tlog\link.delete.1.tlog
c:\users\ixmib\documents\453_final_project\debug\learnply.tlog\link.read.1.tlog
c:\users\ixmib\documents\453_final_project\debug\learnply.tlog\link.write.1.tlog
